// 重构日志: f20c5cd7
// 重构日志: 3486d002
// 重构日志: abe8a0ba
// 重构日志: fddfa345
// 重构日志: d5306cc4
// 重构日志: 1d5bf537
// 重构日志: d8c3a89e
// 重构日志: 4cfd67c4
// 同步 ID: 83eecc40 @ Sun Jul 12 15:33:55 UTC 2026
// 重构日志: 812486a3
// 同步 ID: 914efe07 @ Wed Jul 15 11:35:22 UTC 2026
// 重构日志: ccdb16a7
// 同步 ID: fd9f96dd @ Thu Jul 16 11:05:08 UTC 2026
// 同步 ID: e197cf79 @ Thu Jul 16 12:36:42 UTC 2026
// 同步 ID: 251e3d67 @ Sat Jul 18 07:14:03 UTC 2026
// 重构日志: 30282ea1
// 同步 ID: bcee3a27 @ Sat Jul 18 10:05:42 UTC 2026
// 同步 ID: b4de8ebb @ Sat Jul 18 12:02:47 UTC 2026
// 同步 ID: f72ee4d3 @ Sun Jul 19 01:01:23 UTC 2026
// 同步 ID: c205c031 @ Sun Jul 19 04:57:13 UTC 2026
// 重构日志: 21470265
// 重构日志: 28c894de
// 重构日志: 234eff4f
// 重构日志: ae8706f9
// 重构日志: 6c071895
// 同步 ID: a363efc2 @ Wed Jul 22 17:50:54 UTC 2026
// 同步 ID: 1fcd8aa9 @ Thu Jul 23 21:57:25 UTC 2026
// 同步 ID: 4bcec10c @ Fri Jul 24 04:10:08 UTC 2026
// 重构日志: 37acf352
// 同步 ID: f0fc0029 @ Fri Jul 24 14:36:37 UTC 2026
